<?xml version="1.0" encoding="UTF-8"?>
<testng-results ignored="0" total="5" passed="5" failed="0" skipped="0">
  <reporter-output>
  </reporter-output>
  <suite started-at="2026-04-16T17:18:56 IST" name="Luxepolis UAT Suite" finished-at="2026-04-16T17:24:11 IST" duration-ms="314930">
    <groups>
      <group name="Tax">
        <method signature="TC_001_Add_To_Cart_Payu_Prashant.AddTocartToOnline_Pay_TC_Luxe_006()[pri:1, instance:Test_Cases.TC_001_Add_To_Cart_Payu_Prashant@7905a0b8]" name="AddTocartToOnline_Pay_TC_Luxe_006" class="Test_Cases.TC_001_Add_To_Cart_Payu_Prashant"/>
        <method signature="TC_001_Add_To_Cart_Payu_Prashant.AddTocartToOnline_Pay_TC_Luxe_007()[pri:2, instance:Test_Cases.TC_001_Add_To_Cart_Payu_Prashant@7905a0b8]" name="AddTocartToOnline_Pay_TC_Luxe_007" class="Test_Cases.TC_001_Add_To_Cart_Payu_Prashant"/>
        <method signature="TC_001_Add_To_Cart_Payu_Prashant.AddTocartToOnline_Pay_TC_Luxe_008()[pri:3, instance:Test_Cases.TC_001_Add_To_Cart_Payu_Prashant@7905a0b8]" name="AddTocartToOnline_Pay_TC_Luxe_008" class="Test_Cases.TC_001_Add_To_Cart_Payu_Prashant"/>
        <method signature="TC_001_Add_To_Cart_Payu_Prashant.AddTocartToOnline_Pay_TC_Luxe_009()[pri:4, instance:Test_Cases.TC_001_Add_To_Cart_Payu_Prashant@7905a0b8]" name="AddTocartToOnline_Pay_TC_Luxe_009" class="Test_Cases.TC_001_Add_To_Cart_Payu_Prashant"/>
        <method signature="TC_001_Add_To_Cart_Payu_Prashant.AddTocartToOnline_Pay_TC_Luxe_010()[pri:5, instance:Test_Cases.TC_001_Add_To_Cart_Payu_Prashant@7905a0b8]" name="AddTocartToOnline_Pay_TC_Luxe_010" class="Test_Cases.TC_001_Add_To_Cart_Payu_Prashant"/>
      </group> <!-- Tax -->
    </groups>
    <test started-at="2026-04-16T17:18:56 IST" name="Login Test" finished-at="2026-04-16T17:24:11 IST" duration-ms="314930">
      <class name="Test_Cases.TC_001_Add_To_Cart_Payu_Prashant">
        <test-method is-config="true" signature="OpenBrowser()[pri:0, instance:Test_Cases.TC_001_Add_To_Cart_Payu_Prashant@7905a0b8]" started-at="2026-04-16T17:18:52 IST" name="OpenBrowser" finished-at="2026-04-16T17:18:56 IST" duration-ms="3970" status="PASS">
          <reporter-output>
          </reporter-output>
        </test-method> <!-- OpenBrowser -->
        <test-method is-config="true" signature="login()[pri:0, instance:Test_Cases.TC_001_Add_To_Cart_Payu_Prashant@7905a0b8]" started-at="2026-04-16T17:18:56 IST" name="login" finished-at="2026-04-16T17:19:19 IST" duration-ms="22413" status="PASS">
          <reporter-output>
          </reporter-output>
        </test-method> <!-- login -->
        <test-method signature="AddTocartToOnline_Pay_TC_Luxe_006()[pri:1, instance:Test_Cases.TC_001_Add_To_Cart_Payu_Prashant@7905a0b8]" started-at="2026-04-16T17:19:19 IST" name="AddTocartToOnline_Pay_TC_Luxe_006" finished-at="2026-04-16T17:20:22 IST" duration-ms="62996" status="PASS">
          <reporter-output>
          </reporter-output>
        </test-method> <!-- AddTocartToOnline_Pay_TC_Luxe_006 -->
        <test-method signature="AddTocartToOnline_Pay_TC_Luxe_007()[pri:2, instance:Test_Cases.TC_001_Add_To_Cart_Payu_Prashant@7905a0b8]" started-at="2026-04-16T17:20:22 IST" name="AddTocartToOnline_Pay_TC_Luxe_007" finished-at="2026-04-16T17:21:19 IST" duration-ms="57395" status="PASS">
          <reporter-output>
          </reporter-output>
        </test-method> <!-- AddTocartToOnline_Pay_TC_Luxe_007 -->
        <test-method signature="AddTocartToOnline_Pay_TC_Luxe_008()[pri:3, instance:Test_Cases.TC_001_Add_To_Cart_Payu_Prashant@7905a0b8]" started-at="2026-04-16T17:21:19 IST" name="AddTocartToOnline_Pay_TC_Luxe_008" finished-at="2026-04-16T17:22:17 IST" duration-ms="57609" status="PASS">
          <reporter-output>
          </reporter-output>
        </test-method> <!-- AddTocartToOnline_Pay_TC_Luxe_008 -->
        <test-method signature="AddTocartToOnline_Pay_TC_Luxe_009()[pri:4, instance:Test_Cases.TC_001_Add_To_Cart_Payu_Prashant@7905a0b8]" started-at="2026-04-16T17:22:17 IST" name="AddTocartToOnline_Pay_TC_Luxe_009" finished-at="2026-04-16T17:23:14 IST" duration-ms="56894" status="PASS">
          <reporter-output>
          </reporter-output>
        </test-method> <!-- AddTocartToOnline_Pay_TC_Luxe_009 -->
        <test-method signature="AddTocartToOnline_Pay_TC_Luxe_010()[pri:5, instance:Test_Cases.TC_001_Add_To_Cart_Payu_Prashant@7905a0b8]" started-at="2026-04-16T17:23:14 IST" name="AddTocartToOnline_Pay_TC_Luxe_010" finished-at="2026-04-16T17:24:11 IST" duration-ms="57165" status="PASS">
          <reporter-output>
          </reporter-output>
        </test-method> <!-- AddTocartToOnline_Pay_TC_Luxe_010 -->
        <test-method is-config="true" signature="CloseBrowser()[pri:0, instance:Test_Cases.TC_001_Add_To_Cart_Payu_Prashant@7905a0b8]" started-at="2026-04-16T17:24:11 IST" name="CloseBrowser" finished-at="2026-04-16T17:24:11 IST" duration-ms="269" status="PASS">
          <reporter-output>
          </reporter-output>
        </test-method> <!-- CloseBrowser -->
      </class> <!-- Test_Cases.TC_001_Add_To_Cart_Payu_Prashant -->
    </test> <!-- Login Test -->
  </suite> <!-- Luxepolis UAT Suite -->
</testng-results>
