<?xml version="1.0" encoding="UTF-8"?>
<testng-results ignored="0" total="5" passed="5" failed="0" skipped="0">
  <reporter-output>
  </reporter-output>
  <suite started-at="2026-04-22T13:48:08 IST" name="Luxepolis UAT Suite" finished-at="2026-04-22T13:53:23 IST" duration-ms="314705">
    <groups>
      <group name="Tax">
        <method signature="TC_001_Add_To_Cart_Payu_Prashant.AddTocartToOnline_Pay_TC_Luxe_006()[pri:1, instance:Test_Cases.TC_001_Add_To_Cart_Payu_Prashant@7905a0b8]" name="AddTocartToOnline_Pay_TC_Luxe_006" class="Test_Cases.TC_001_Add_To_Cart_Payu_Prashant"/>
        <method signature="TC_001_Add_To_Cart_Payu_Prashant.AddTocartToOnline_Pay_TC_Luxe_007()[pri:2, instance:Test_Cases.TC_001_Add_To_Cart_Payu_Prashant@7905a0b8]" name="AddTocartToOnline_Pay_TC_Luxe_007" class="Test_Cases.TC_001_Add_To_Cart_Payu_Prashant"/>
        <method signature="TC_001_Add_To_Cart_Payu_Prashant.AddTocartToOnline_Pay_TC_Luxe_008()[pri:3, instance:Test_Cases.TC_001_Add_To_Cart_Payu_Prashant@7905a0b8]" name="AddTocartToOnline_Pay_TC_Luxe_008" class="Test_Cases.TC_001_Add_To_Cart_Payu_Prashant"/>
        <method signature="TC_001_Add_To_Cart_Payu_Prashant.AddTocartToOnline_Pay_TC_Luxe_009()[pri:4, instance:Test_Cases.TC_001_Add_To_Cart_Payu_Prashant@7905a0b8]" name="AddTocartToOnline_Pay_TC_Luxe_009" class="Test_Cases.TC_001_Add_To_Cart_Payu_Prashant"/>
        <method signature="TC_001_Add_To_Cart_Payu_Prashant.AddTocartToOnline_Pay_TC_Luxe_010()[pri:5, instance:Test_Cases.TC_001_Add_To_Cart_Payu_Prashant@7905a0b8]" name="AddTocartToOnline_Pay_TC_Luxe_010" class="Test_Cases.TC_001_Add_To_Cart_Payu_Prashant"/>
      </group> <!-- Tax -->
    </groups>
    <test started-at="2026-04-22T13:48:08 IST" name="Login Test" finished-at="2026-04-22T13:53:23 IST" duration-ms="314705">
      <class name="Test_Cases.TC_001_Add_To_Cart_Payu_Prashant">
        <test-method is-config="true" signature="OpenBrowser()[pri:0, instance:Test_Cases.TC_001_Add_To_Cart_Payu_Prashant@7905a0b8]" started-at="2026-04-22T13:48:04 IST" name="OpenBrowser" finished-at="2026-04-22T13:48:08 IST" duration-ms="3560" status="PASS">
          <reporter-output>
          </reporter-output>
        </test-method> <!-- OpenBrowser -->
        <test-method is-config="true" signature="login()[pri:0, instance:Test_Cases.TC_001_Add_To_Cart_Payu_Prashant@7905a0b8]" started-at="2026-04-22T13:48:08 IST" name="login" finished-at="2026-04-22T13:48:30 IST" duration-ms="21987" status="PASS">
          <reporter-output>
          </reporter-output>
        </test-method> <!-- login -->
        <test-method signature="AddTocartToOnline_Pay_TC_Luxe_006()[pri:1, instance:Test_Cases.TC_001_Add_To_Cart_Payu_Prashant@7905a0b8]" started-at="2026-04-22T13:48:30 IST" name="AddTocartToOnline_Pay_TC_Luxe_006" finished-at="2026-04-22T13:49:32 IST" duration-ms="61570" status="PASS">
          <reporter-output>
          </reporter-output>
        </test-method> <!-- AddTocartToOnline_Pay_TC_Luxe_006 -->
        <test-method signature="AddTocartToOnline_Pay_TC_Luxe_007()[pri:2, instance:Test_Cases.TC_001_Add_To_Cart_Payu_Prashant@7905a0b8]" started-at="2026-04-22T13:49:32 IST" name="AddTocartToOnline_Pay_TC_Luxe_007" finished-at="2026-04-22T13:50:29 IST" duration-ms="57830" status="PASS">
          <reporter-output>
          </reporter-output>
        </test-method> <!-- AddTocartToOnline_Pay_TC_Luxe_007 -->
        <test-method signature="AddTocartToOnline_Pay_TC_Luxe_008()[pri:3, instance:Test_Cases.TC_001_Add_To_Cart_Payu_Prashant@7905a0b8]" started-at="2026-04-22T13:50:29 IST" name="AddTocartToOnline_Pay_TC_Luxe_008" finished-at="2026-04-22T13:51:28 IST" duration-ms="58691" status="PASS">
          <reporter-output>
          </reporter-output>
        </test-method> <!-- AddTocartToOnline_Pay_TC_Luxe_008 -->
        <test-method signature="AddTocartToOnline_Pay_TC_Luxe_009()[pri:4, instance:Test_Cases.TC_001_Add_To_Cart_Payu_Prashant@7905a0b8]" started-at="2026-04-22T13:51:28 IST" name="AddTocartToOnline_Pay_TC_Luxe_009" finished-at="2026-04-22T13:52:26 IST" duration-ms="57368" status="PASS">
          <reporter-output>
          </reporter-output>
        </test-method> <!-- AddTocartToOnline_Pay_TC_Luxe_009 -->
        <test-method signature="AddTocartToOnline_Pay_TC_Luxe_010()[pri:5, instance:Test_Cases.TC_001_Add_To_Cart_Payu_Prashant@7905a0b8]" started-at="2026-04-22T13:52:26 IST" name="AddTocartToOnline_Pay_TC_Luxe_010" finished-at="2026-04-22T13:53:22 IST" duration-ms="56901" status="PASS">
          <reporter-output>
          </reporter-output>
        </test-method> <!-- AddTocartToOnline_Pay_TC_Luxe_010 -->
        <test-method is-config="true" signature="CloseBrowser()[pri:0, instance:Test_Cases.TC_001_Add_To_Cart_Payu_Prashant@7905a0b8]" started-at="2026-04-22T13:53:22 IST" name="CloseBrowser" finished-at="2026-04-22T13:53:23 IST" duration-ms="217" status="PASS">
          <reporter-output>
          </reporter-output>
        </test-method> <!-- CloseBrowser -->
      </class> <!-- Test_Cases.TC_001_Add_To_Cart_Payu_Prashant -->
    </test> <!-- Login Test -->
  </suite> <!-- Luxepolis UAT Suite -->
</testng-results>
