<?xml version="1.0" encoding="UTF-8"?>
<!-- Generated by org.testng.reporters.JUnitReportReporter -->
<testsuite hostname="IN-MUM-PR-WK171" failures="0" tests="4" name="Test_Cases.TC_001_Add_to_Cart_COD_Sandeep" time="0.001" errors="1" timestamp="2026-04-16T17:11:45 IST" skipped="3">
  <testcase classname="Test_Cases.TC_001_Add_to_Cart_COD_Sandeep" name="login" time="0.001">
    <error message="Cannot invoke &quot;Utilities.WaitUtilities.waitForClickability(org.openqa.selenium.By)&quot; because &quot;this.waitUtils&quot; is null" type="java.lang.NullPointerException">
      <![CDATA[java.lang.NullPointerException: Cannot invoke "Utilities.WaitUtilities.waitForClickability(org.openqa.selenium.By)" because "this.waitUtils" is null
at baseData.BaseData.login(BaseData.java:111)
at java.base/jdk.internal.reflect.DirectMethodHandleAccessor.invoke(DirectMethodHandleAccessor.java:103)
at java.base/java.lang.reflect.Method.invoke(Method.java:580)
at org.testng.internal.invokers.MethodInvocationHelper.invokeMethod(MethodInvocationHelper.java:141)
at org.testng.internal.invokers.MethodInvocationHelper.invokeMethodConsideringTimeout(MethodInvocationHelper.java:71)
at org.testng.internal.invokers.ConfigInvoker.invokeConfigurationMethod(ConfigInvoker.java:400)
at org.testng.internal.invokers.ConfigInvoker.invokeConfigurations(ConfigInvoker.java:333)
at org.testng.internal.invokers.TestMethodWorker.invokeBeforeClassMethods(TestMethodWorker.java:188)
at org.testng.internal.invokers.TestMethodWorker.run(TestMethodWorker.java:128)
at java.base/java.util.ArrayList.forEach(ArrayList.java:1596)
at org.testng.TestRunner.privateRun(TestRunner.java:741)
at org.testng.TestRunner.run(TestRunner.java:616)
at org.testng.SuiteRunner.runTest(SuiteRunner.java:421)
at org.testng.SuiteRunner.runSequentially(SuiteRunner.java:413)
at org.testng.SuiteRunner.privateRun(SuiteRunner.java:373)
at org.testng.SuiteRunner.run(SuiteRunner.java:312)
at org.testng.SuiteRunnerWorker.runSuite(SuiteRunnerWorker.java:52)
at org.testng.SuiteRunnerWorker.run(SuiteRunnerWorker.java:95)
at org.testng.TestNG.runSuitesSequentially(TestNG.java:1274)
at org.testng.TestNG.runSuitesLocally(TestNG.java:1208)
at org.testng.TestNG.runSuites(TestNG.java:1112)
at org.testng.TestNG.run(TestNG.java:1079)
at org.testng.remote.AbstractRemoteTestNG.run(AbstractRemoteTestNG.java:115)
at org.testng.remote.RemoteTestNG.initAndRun(RemoteTestNG.java:293)
at org.testng.remote.RemoteTestNG.main(RemoteTestNG.java:91)
]]>
    </error>
  </testcase> <!-- login -->
  <testcase classname="Test_Cases.TC_001_Add_to_Cart_COD_Sandeep" name="ADDToCartCOD" time="0.000">
    <skipped/>
  </testcase> <!-- ADDToCartCOD -->
  <testcase classname="Test_Cases.TC_001_Add_to_Cart_COD_Sandeep" name="ADDToCartCOD1" time="0.000">
    <skipped/>
  </testcase> <!-- ADDToCartCOD1 -->
  <testcase classname="Test_Cases.TC_001_Add_to_Cart_COD_Sandeep" name="ADDToCartCOD2" time="0.000">
    <skipped/>
  </testcase> <!-- ADDToCartCOD2 -->
</testsuite> <!-- Test_Cases.TC_001_Add_to_Cart_COD_Sandeep -->
