<?xml version="1.0" encoding="UTF-8"?>
<!-- Generated by org.testng.reporters.JUnitReportReporter -->
<testsuite hostname="IN-MUM-PR-WK171" failures="0" tests="5" name="Test_Cases.TC_002_Add_To_Cart_Coupon_Shruti" time="204.165" errors="0" timestamp="2026-04-21T16:33:31 IST" skipped="0">
  <testcase classname="Test_Cases.TC_002_Add_To_Cart_Coupon_Shruti" name="ADDToCartCODCoupon" time="46.860"/>
  <testcase classname="Test_Cases.TC_002_Add_To_Cart_Coupon_Shruti" name="ADDToCartPayu" time="48.852"/>
  <testcase classname="Test_Cases.TC_002_Add_To_Cart_Coupon_Shruti" name="ADDToCartCOD" time="29.963"/>
  <testcase classname="Test_Cases.TC_002_Add_To_Cart_Coupon_Shruti" name="ADDToCartCODCouponWithoutSpecialprice" time="40.337"/>
  <testcase classname="Test_Cases.TC_002_Add_To_Cart_Coupon_Shruti" name="USDWithoutCoupon" time="38.153"/>
</testsuite> <!-- Test_Cases.TC_002_Add_To_Cart_Coupon_Shruti -->
