<?xml version="1.0" encoding="UTF-8"?>
<!-- Generated by org.testng.reporters.JUnitReportReporter -->
<testsuite hostname="IN-MUM-PR-WK171" failures="0" tests="5" name="Test_Cases.TC_001_Add_To_Cart_Payu_Prashant" time="292.059" errors="0" timestamp="2026-04-16T17:24:19 IST" skipped="0">
  <testcase classname="Test_Cases.TC_001_Add_To_Cart_Payu_Prashant" name="AddTocartToOnline_Pay_TC_Luxe_006" time="62.996"/>
  <testcase classname="Test_Cases.TC_001_Add_To_Cart_Payu_Prashant" name="AddTocartToOnline_Pay_TC_Luxe_007" time="57.395"/>
  <testcase classname="Test_Cases.TC_001_Add_To_Cart_Payu_Prashant" name="AddTocartToOnline_Pay_TC_Luxe_008" time="57.609"/>
  <testcase classname="Test_Cases.TC_001_Add_To_Cart_Payu_Prashant" name="AddTocartToOnline_Pay_TC_Luxe_009" time="56.894"/>
  <testcase classname="Test_Cases.TC_001_Add_To_Cart_Payu_Prashant" name="AddTocartToOnline_Pay_TC_Luxe_010" time="57.165"/>
</testsuite> <!-- Test_Cases.TC_001_Add_To_Cart_Payu_Prashant -->
