<?xml version="1.0" encoding="UTF-8"?>
<!-- Generated by org.testng.reporters.JUnitReportReporter -->
<testsuite hostname="IN-MUM-PR-WK171" failures="0" tests="3" name="Test_Cases.TC_002_Add_to_Cart_International_COD_Sandeep" time="101.703" errors="0" timestamp="2026-04-21T17:14:56 IST" skipped="0">
  <testcase classname="Test_Cases.TC_002_Add_to_Cart_International_COD_Sandeep" name="ADDToCartCOD1" time="36.733"/>
  <testcase classname="Test_Cases.TC_002_Add_to_Cart_International_COD_Sandeep" name="ADDToCartCOD2" time="29.745"/>
  <testcase classname="Test_Cases.TC_002_Add_to_Cart_International_COD_Sandeep" name="ADDToCartCOD3" time="35.225"/>
</testsuite> <!-- Test_Cases.TC_002_Add_to_Cart_International_COD_Sandeep -->
