<?xml version="1.0" encoding="UTF-8"?>
<!-- Generated by org.testng.reporters.JUnitReportReporter -->
<testsuite hostname="IN-MUM-PR-WK171" failures="0" tests="5" name="Test_Cases.TC_001_Add_To_Cart_Payu_Prashant" time="292.360" errors="0" timestamp="2026-04-22T13:53:30 IST" skipped="0">
  <testcase classname="Test_Cases.TC_001_Add_To_Cart_Payu_Prashant" name="AddTocartToOnline_Pay_TC_Luxe_006" time="61.570"/>
  <testcase classname="Test_Cases.TC_001_Add_To_Cart_Payu_Prashant" name="AddTocartToOnline_Pay_TC_Luxe_007" time="57.830"/>
  <testcase classname="Test_Cases.TC_001_Add_To_Cart_Payu_Prashant" name="AddTocartToOnline_Pay_TC_Luxe_008" time="58.691"/>
  <testcase classname="Test_Cases.TC_001_Add_To_Cart_Payu_Prashant" name="AddTocartToOnline_Pay_TC_Luxe_009" time="57.368"/>
  <testcase classname="Test_Cases.TC_001_Add_To_Cart_Payu_Prashant" name="AddTocartToOnline_Pay_TC_Luxe_010" time="56.901"/>
</testsuite> <!-- Test_Cases.TC_001_Add_To_Cart_Payu_Prashant -->
